SF:lib/model/pokemon_model.dart
DA:21,4
LF:1
LH:1
end_of_record
SF:lib/database/database.g.dart
DA:13,0
DA:14,0
DA:19,1
DA:20,1
DA:24,1
DA:33,0
DA:34,0
DA:39,0
DA:40,0
DA:45,1
DA:46,1
DA:47,0
DA:49,1
DA:50,2
DA:52,1
DA:53,1
DA:60,1
DA:61,2
DA:66,1
DA:71,1
DA:73,1
DA:74,1
DA:75,0
DA:77,1
DA:78,0
DA:80,0
DA:81,0
DA:84,0
DA:86,1
DA:87,1
DA:90,0
DA:93,2
DA:96,1
DA:98,4
DA:103,1
DA:106,1
DA:107,1
DA:110,2
DA:111,1
DA:112,1
DA:113,1
DA:114,1
DA:115,1
DA:116,1
DA:117,1
DA:118,1
DA:119,1
DA:120,1
DA:121,1
DA:122,1
DA:123,1
DA:124,1
DA:127,1
DA:130,1
DA:131,2
DA:132,1
DA:133,1
DA:134,1
DA:135,1
DA:136,1
DA:137,1
DA:138,1
DA:139,1
DA:140,1
DA:141,1
DA:142,1
DA:143,1
DA:144,1
DA:145,1
DA:159,1
DA:161,2
DA:162,2
DA:163,1
DA:164,1
DA:165,1
DA:166,1
DA:167,1
DA:168,1
DA:169,1
DA:170,1
DA:171,1
DA:172,1
DA:173,1
DA:174,1
DA:175,1
DA:176,2
DA:179,1
DA:181,2
DA:182,2
DA:183,1
DA:184,1
DA:185,1
DA:186,1
DA:187,1
DA:188,1
DA:189,1
DA:190,1
DA:191,1
DA:192,1
DA:193,1
DA:194,1
DA:195,1
DA:196,2
DA:201,1
DA:203,2
DA:206,1
DA:208,2
LF:107
LH:94
end_of_record
SF:lib/services/pokemon_service.dart
DA:7,1
DA:8,2
DA:10,1
DA:13,1
DA:14,2
DA:15,1
DA:16,2
DA:17,1
DA:19,3
LF:9
LH:9
end_of_record
SF:lib/main.dart
DA:12,0
DA:13,0
DA:14,0
DA:15,0
DA:16,0
DA:19,0
DA:20,0
DA:23,0
DA:24,0
DA:27,0
DA:28,0
DA:29,0
DA:32,0
DA:33,0
DA:34,0
DA:40,1
DA:42,1
DA:44,1
DA:45,1
DA:46,2
DA:47,1
DA:48,1
DA:49,1
DA:50,0
DA:51,1
DA:53,1
LF:26
LH:10
end_of_record
SF:lib/model/pokemon_details_model.dart
DA:16,1
DA:29,1
DA:30,1
DA:31,2
DA:32,1
DA:33,1
DA:34,1
DA:35,2
DA:36,2
DA:37,2
DA:38,3
DA:39,2
DA:40,3
DA:41,3
LF:14
LH:14
end_of_record
SF:lib/utils/pokedex_utils.dart
DA:4,0
DA:5,0
DA:6,0
DA:7,0
DA:8,0
DA:9,0
DA:10,0
DA:11,0
LF:8
LH:0
end_of_record
SF:lib/repos/pokemon_repository.dart
DA:9,0
DA:10,0
DA:13,0
DA:14,0
DA:17,0
DA:18,0
DA:21,0
DA:22,0
DA:25,0
DA:26,0
LF:10
LH:0
end_of_record
SF:lib/view_model/pokedex_view_model.dart
DA:13,0
DA:14,0
DA:15,0
DA:16,0
DA:19,0
DA:20,0
DA:21,0
DA:22,0
DA:26,0
DA:27,0
DA:29,0
DA:30,0
DA:33,0
DA:34,0
DA:37,0
DA:38,0
DA:41,0
DA:44,0
DA:45,0
DA:48,0
DA:50,0
DA:52,0
DA:53,0
DA:54,0
LF:24
LH:0
end_of_record
SF:lib/widgets/app.dart
DA:10,4
DA:12,1
DA:13,1
DA:20,1
DA:21,2
DA:22,1
DA:26,0
DA:27,0
DA:28,0
DA:32,1
DA:34,1
DA:35,1
DA:36,1
DA:37,2
DA:38,2
DA:40,1
DA:42,1
DA:53,1
DA:54,1
DA:55,1
LF:20
LH:17
end_of_record
SF:lib/model/pokemon_move_model.dart
DA:6,0
LF:1
LH:0
end_of_record
SF:lib/widgets/pick_starter_pokemon.dart
DA:6,6
DA:7,2
DA:22,2
DA:37,2
DA:56,2
DA:58,2
DA:59,2
DA:65,2
DA:67,2
DA:68,2
DA:69,2
DA:70,2
DA:76,2
DA:77,2
DA:79,2
DA:80,2
DA:81,2
DA:82,2
DA:84,0
DA:85,0
DA:86,0
DA:89,6
DA:90,2
DA:91,2
DA:92,2
DA:93,2
DA:94,6
DA:97,2
DA:99,2
DA:100,6
DA:103,6
DA:107,2
DA:109,2
DA:113,2
DA:115,2
DA:117,2
DA:118,2
DA:119,6
LF:38
LH:35
end_of_record
SF:lib/widgets/pokedex.dart
DA:7,4
DA:9,0
DA:10,0
DA:14,0
DA:15,0
DA:17,0
DA:18,0
DA:19,0
DA:20,0
DA:21,0
DA:22,0
DA:23,0
DA:27,0
DA:29,0
DA:31,0
DA:34,0
DA:35,0
DA:51,0
DA:52,0
DA:53,0
DA:54,0
DA:55,0
DA:57,0
DA:58,0
LF:24
LH:1
end_of_record
SF:lib/widgets/home.dart
DA:4,4
DA:6,1
DA:7,1
DA:11,1
DA:13,1
DA:14,1
DA:15,1
DA:16,1
DA:17,1
LF:9
LH:9
end_of_record
SF:lib/widgets/pokemon_card.dart
DA:7,3
DA:9,3
DA:11,3
DA:12,3
DA:13,9
DA:14,3
DA:15,3
DA:16,3
DA:17,6
DA:20,3
DA:21,9
LF:11
LH:11
end_of_record
