SF:lib/database/pokemon_entity.dart
DA:14,4
LF:1
LH:1
end_of_record
SF:lib/database/database.g.dart
DA:13,0
DA:14,0
DA:19,3
DA:20,3
DA:24,3
DA:33,0
DA:34,0
DA:39,1
DA:40,1
DA:45,3
DA:46,3
DA:47,0
DA:49,3
DA:50,6
DA:52,3
DA:53,3
DA:60,3
DA:61,6
DA:66,3
DA:71,3
DA:73,3
DA:74,3
DA:75,1
DA:77,3
DA:78,1
DA:80,0
DA:81,0
DA:84,0
DA:86,3
DA:87,3
DA:90,2
DA:93,6
DA:96,3
DA:98,12
DA:103,3
DA:106,3
DA:107,3
DA:110,4
DA:111,2
DA:112,2
DA:113,2
DA:114,2
DA:117,3
DA:120,3
DA:121,2
DA:122,1
DA:123,1
DA:124,1
DA:125,1
DA:139,3
DA:141,6
DA:142,4
DA:143,2
DA:144,2
DA:145,4
DA:146,4
DA:149,0
DA:151,0
DA:152,0
DA:153,0
DA:154,0
DA:155,0
DA:156,0
DA:159,2
DA:161,4
DA:162,4
DA:163,2
DA:164,2
DA:165,4
DA:166,4
DA:171,0
DA:173,0
DA:174,0
DA:175,0
DA:176,0
DA:177,0
DA:178,0
DA:179,0
DA:182,2
DA:184,4
DA:185,2
DA:186,1
DA:187,1
DA:188,2
DA:189,2
DA:192,2
DA:194,4
DA:197,1
DA:199,2
LF:89
LH:66
end_of_record
SF:lib/view_models/pokedex_view_model.dart
DA:10,2
DA:11,2
DA:14,2
DA:15,8
DA:16,10
DA:17,2
DA:18,2
DA:20,8
DA:23,2
DA:25,1
DA:26,5
DA:28,4
DA:30,1
DA:31,2
DA:33,2
DA:34,2
DA:36,1
DA:38,1
DA:39,3
DA:41,1
DA:42,1
DA:43,3
DA:44,1
DA:47,1
DA:49,1
DA:51,1
DA:52,3
DA:55,2
DA:56,6
DA:59,2
DA:63,7
LF:31
LH:31
end_of_record
SF:lib/database/database_loader.dart
DA:5,1
DA:6,4
DA:7,1
DA:8,2
DA:9,1
DA:10,2
DA:11,1
DA:12,1
DA:20,0
DA:21,0
DA:22,0
DA:25,0
DA:26,0
DA:27,0
LF:14
LH:8
end_of_record
SF:lib/services/pokemon_service.dart
DA:7,6
DA:9,2
DA:11,2
DA:12,4
DA:14,2
DA:17,1
DA:18,2
DA:19,1
DA:20,2
DA:21,1
DA:23,3
DA:26,0
DA:30,0
DA:31,0
DA:33,0
DA:34,0
DA:35,0
DA:37,0
DA:40,0
DA:41,0
DA:42,0
DA:44,0
DA:45,0
DA:46,0
DA:48,0
LF:25
LH:11
end_of_record
SF:lib/models/battle_info_model.dart
DA:11,0
DA:18,0
DA:19,0
DA:20,0
DA:22,0
DA:24,0
DA:25,0
DA:26,0
LF:8
LH:0
end_of_record
SF:lib/models/battle_results_model.dart
DA:9,0
DA:15,0
DA:16,0
DA:17,0
DA:18,0
DA:19,0
DA:20,0
LF:7
LH:0
end_of_record
SF:lib/models/pokemon_details_model.dart
DA:20,0
DA:37,1
DA:38,1
DA:39,1
DA:40,3
DA:41,2
DA:45,0
DA:46,2
DA:47,1
DA:48,1
DA:49,1
DA:50,1
DA:51,2
DA:52,2
DA:53,2
DA:54,3
DA:55,2
DA:56,3
DA:57,3
DA:59,1
DA:60,0
LF:21
LH:18
end_of_record
SF:lib/models/pokemon_move_model.dart
DA:6,1
DA:8,1
DA:9,4
LF:3
LH:3
end_of_record
SF:lib/widgets/app.dart
DA:9,6
DA:11,1
DA:13,0
DA:15,1
DA:19,2
DA:21,2
DA:23,1
DA:24,1
DA:25,2
LF:9
LH:8
end_of_record
SF:lib/main.dart
DA:13,3
DA:15,1
DA:16,1
DA:19,1
DA:21,1
DA:24,1
DA:25,2
DA:26,1
DA:29,0
DA:30,1
DA:33,0
DA:37,0
DA:38,0
DA:39,0
DA:45,1
DA:47,1
DA:49,1
DA:50,1
DA:51,3
DA:52,1
DA:55,1
DA:58,1
LF:22
LH:17
end_of_record
SF:lib/widgets/battle/battle.dart
DA:9,5
DA:11,0
DA:13,0
DA:14,0
DA:15,0
DA:17,0
DA:18,0
DA:19,0
DA:20,0
DA:21,0
DA:22,0
DA:23,0
LF:12
LH:1
end_of_record
SF:lib/widgets/home/home.dart
DA:8,5
DA:10,1
DA:11,1
DA:17,0
DA:18,0
DA:19,0
DA:23,1
DA:25,1
DA:26,1
DA:27,2
DA:29,1
DA:40,1
DA:41,1
DA:42,1
LF:14
LH:11
end_of_record
SF:lib/widgets/pokemon_details/pokemon_details.dart
DA:4,5
DA:6,0
DA:9,0
LF:3
LH:1
end_of_record
SF:lib/widgets/pokemon_starter/pick_starter_pokemon.dart
DA:9,5
DA:11,1
DA:12,1
DA:19,1
DA:20,3
DA:21,1
DA:22,2
DA:25,1
DA:27,1
DA:29,1
DA:30,1
DA:31,1
DA:32,1
DA:38,1
DA:39,1
DA:41,1
DA:42,1
DA:43,1
DA:44,1
DA:46,0
DA:47,0
DA:48,0
DA:51,3
DA:52,1
DA:53,1
DA:54,0
DA:55,0
DA:56,3
DA:59,1
DA:61,1
DA:62,4
DA:66,4
DA:71,1
DA:73,0
DA:76,1
DA:77,0
DA:82,1
DA:84,1
DA:86,1
DA:87,2
LF:40
LH:33
end_of_record
SF:lib/view_models/battle_view_model.dart
DA:14,0
DA:16,0
DA:17,0
DA:18,0
DA:19,0
DA:20,0
DA:24,0
DA:26,0
DA:28,0
DA:30,0
DA:31,0
DA:32,0
DA:33,0
DA:35,0
DA:36,0
DA:37,0
DA:38,0
DA:39,0
LF:18
LH:0
end_of_record
SF:lib/widgets/start_up/start_up.dart
DA:6,2
DA:8,2
DA:10,2
DA:17,2
DA:18,2
DA:21,2
DA:27,2
DA:29,2
DA:40,2
DA:41,6
LF:10
LH:10
end_of_record
SF:lib/widgets/battle/battle_screen.dart
DA:11,5
DA:13,0
DA:15,0
DA:17,0
DA:18,0
DA:19,0
DA:22,0
DA:29,0
DA:30,0
DA:31,0
DA:32,0
DA:33,0
DA:34,0
DA:35,0
DA:36,0
DA:38,0
DA:40,0
DA:41,0
DA:43,0
DA:44,0
DA:46,0
DA:49,0
DA:53,0
DA:55,0
DA:56,0
DA:57,0
DA:58,0
LF:27
LH:1
end_of_record
SF:lib/widgets/common/loading_screen.dart
DA:6,5
DA:8,0
DA:10,0
LF:3
LH:1
end_of_record
SF:lib/widgets/battle/battle_actions.dart
DA:15,0
DA:21,0
DA:22,0
DA:25,0
DA:27,0
DA:28,0
DA:29,0
DA:31,0
DA:32,0
DA:33,0
DA:34,0
DA:40,0
DA:46,0
DA:47,0
DA:52,0
DA:53,0
DA:54,0
DA:55,0
DA:56,0
LF:19
LH:0
end_of_record
SF:lib/widgets/battle/battle_decoration.dart
DA:3,0
DA:4,0
DA:6,0
LF:3
LH:0
end_of_record
SF:lib/widgets/battle/battle_move.dart
DA:8,0
DA:10,0
DA:12,0
DA:14,0
DA:15,0
DA:16,0
DA:21,0
DA:23,0
DA:24,0
DA:25,0
DA:31,0
DA:32,0
LF:12
LH:0
end_of_record
SF:lib/widgets/common/loading_pikachu.dart
DA:4,5
DA:6,0
LF:2
LH:1
end_of_record
SF:lib/widgets/battle/battle_bar_info.dart
DA:9,0
DA:11,0
DA:13,0
DA:19,0
DA:20,0
DA:21,0
DA:22,0
DA:23,0
DA:24,0
DA:25,0
DA:31,0
DA:32,0
DA:37,0
DA:38,0
DA:39,0
DA:41,0
DA:42,0
DA:43,0
DA:44,0
DA:48,0
DA:49,0
DA:51,0
DA:52,0
DA:53,0
DA:54,0
DA:63,0
DA:66,0
DA:72,0
DA:73,0
LF:29
LH:0
end_of_record
SF:lib/widgets/battle/battle_home.dart
DA:7,6
DA:9,2
DA:10,2
DA:14,0
DA:16,2
DA:18,2
DA:19,1
DA:21,0
DA:22,0
DA:29,0
DA:31,0
DA:32,0
DA:33,0
DA:36,0
LF:14
LH:6
end_of_record
SF:lib/widgets/battle/battle_sprites.dart
DA:7,0
DA:10,0
DA:12,0
DA:13,0
DA:16,0
DA:17,0
DA:19,0
DA:22,0
DA:23,0
DA:24,0
DA:25,0
LF:11
LH:0
end_of_record
SF:lib/widgets/common/background_image.dart
DA:4,5
DA:6,0
DA:8,0
DA:9,0
DA:10,0
DA:11,0
DA:12,0
LF:7
LH:1
end_of_record
SF:lib/widgets/pokedex/pokedex.dart
DA:9,5
DA:11,0
DA:12,0
DA:16,0
DA:18,0
DA:21,0
DA:22,0
LF:7
LH:1
end_of_record
SF:lib/widgets/pokedex/all_pokedex_list.dart
DA:7,5
DA:9,0
DA:11,0
DA:12,0
DA:14,0
DA:15,0
DA:16,0
DA:17,0
DA:21,0
DA:22,0
DA:23,0
DA:28,0
DA:29,0
DA:34,0
DA:38,0
DA:40,0
DA:41,0
DA:43,0
DA:45,0
DA:46,0
LF:20
LH:1
end_of_record
SF:lib/widgets/pokedex/captured_pokedex_list.dart
DA:7,5
DA:9,0
DA:11,0
DA:12,0
DA:14,0
DA:15,0
DA:17,0
DA:18,0
DA:19,0
DA:20,0
DA:21,0
DA:25,0
DA:26,0
DA:27,0
DA:28,0
LF:15
LH:1
end_of_record
SF:lib/widgets/pokemon_starter/pokemon_card.dart
DA:8,1
DA:14,1
DA:16,1
DA:17,1
DA:18,1
DA:19,2
DA:23,1
DA:24,1
DA:25,1
DA:26,1
LF:10
LH:10
end_of_record
